INFO:     Will watch for changes in these directories: ['/Users/macbookpro/Documents/swipesavvy-mobile-app-v2']
INFO:     Uvicorn running on http://0.0.0.0:8000 (Press CTRL+C to quit)
INFO:     Started reloader process [27874] using StatReload
/Users/macbookpro/Documents/swipesavvy-mobile-app-v2/tools/backend/services/admin_service.py:234: FastAPIDeprecationWarning: `regex` has been deprecated, please use `pattern` instead
  status: str = Query(None, regex="^(active|inactive|suspended)$"),
2026-01-14 12:08:49,397 - main - INFO - ✅ Phase 2 services imported successfully
2026-01-14 12:08:49,397 - main - INFO - Connecting to database at localhost:5432/swipesavvy_agents
2026-01-14 12:08:49,599 - main - INFO - ✅ Database connection successful
2026-01-14 12:08:49,601 - main - INFO - Registering Phase 4 routes...
2026-01-14 12:08:49,601 - main - INFO - ⚠️  Phase 4 routes module commented out - enable when phase_4_routes fully integrates
2026-01-14 12:08:49,601 - main - INFO - Registering Phase 2 service routes...
2026-01-14 12:08:49,604 - main - INFO - ✅ Campaign routes registered (7 endpoints)
2026-01-14 12:08:49,605 - main - INFO - ✅ User routes registered (5 endpoints)
2026-01-14 12:08:49,607 - main - INFO - ✅ Admin routes registered (5 endpoints)
2026-01-14 12:08:49,607 - main - INFO - ✅ Phase 2 services fully integrated (17 endpoints total)
INFO:     Started server process [27883]
INFO:     Waiting for application startup.
2026-01-14 12:08:49,607 - main - INFO - 🚀 Starting SwipeSavvy Backend API Server...
2026-01-14 12:08:49,968 - main - INFO - ✅ Analytics tables verified
INFO:     Application startup complete.
✅ Campaign service routes initialized (7 endpoints)
✅ User service routes initialized (5 endpoints)
✅ Admin service routes initialized (5 endpoints)
INFO:     127.0.0.1:60063 - "GET /health HTTP/1.1" 200 OK
INFO:     127.0.0.1:60401 - "GET /health HTTP/1.1" 200 OK
INFO:     Shutting down
