2025-12-26 17:00:03,327 - __main__ - INFO - Connecting to database at localhost:5432/swipesavvy_agents
2025-12-26 17:00:03,388 - __main__ - ERROR - ❌ Database connection failed: (psycopg2.OperationalError) connection to server at "localhost" (127.0.0.1), port 5432 failed: FATAL:  database "swipesavvy_agents" does not exist

(Background on this error at: https://sqlalche.me/e/20/e3q8)
Traceback (most recent call last):
  File "/Users/macbookpro/Documents/swipesavvy-mobile-app/.venv/lib/python3.14/site-packages/sqlalchemy/engine/base.py", line 143, in __init__
    self._dbapi_connection = engine.raw_connection()
                             ~~~~~~~~~~~~~~~~~~~~~^^
  File "/Users/macbookpro/Documents/swipesavvy-mobile-app/.venv/lib/python3.14/site-packages/sqlalchemy/engine/base.py", line 3309, in raw_connection
    return self.pool.connect()
           ~~~~~~~~~~~~~~~~~^^
  File "/Users/macbookpro/Documents/swipesavvy-mobile-app/.venv/lib/python3.14/site-packages/sqlalchemy/pool/base.py", line 447, in connect
    return _ConnectionFairy._checkout(self)
           ~~~~~~~~~~~~~~~~~~~~~~~~~~^^^^^^
  File "/Users/macbookpro/Documents/swipesavvy-mobile-app/.venv/lib/python3.14/site-packages/sqlalchemy/pool/base.py", line 1264, in _checkout
    fairy = _ConnectionRecord.checkout(pool)
  File "/Users/macbookpro/Documents/swipesavvy-mobile-app/.venv/lib/python3.14/site-packages/sqlalchemy/pool/base.py", line 711, in checkout
    rec = pool._do_get()
  File "/Users/macbookpro/Documents/swipesavvy-mobile-app/.venv/lib/python3.14/site-packages/sqlalchemy/pool/impl.py", line 177, in _do_get
    with util.safe_reraise():
         ~~~~~~~~~~~~~~~~~^^
  File "/Users/macbookpro/Documents/swipesavvy-mobile-app/.venv/lib/python3.14/site-packages/sqlalchemy/util/langhelpers.py", line 224, in __exit__
    raise exc_value.with_traceback(exc_tb)
  File "/Users/macbookpro/Documents/swipesavvy-mobile-app/.venv/lib/python3.14/site-packages/sqlalchemy/pool/impl.py", line 175, in _do_get
    return self._create_connection()
           ~~~~~~~~~~~~~~~~~~~~~~~^^
  File "/Users/macbookpro/Documents/swipesavvy-mobile-app/.venv/lib/python3.14/site-packages/sqlalchemy/pool/base.py", line 388, in _create_connection
    return _ConnectionRecord(self)
  File "/Users/macbookpro/Documents/swipesavvy-mobile-app/.venv/lib/python3.14/site-packages/sqlalchemy/pool/base.py", line 673, in __init__
    self.__connect()
    ~~~~~~~~~~~~~~^^
  File "/Users/macbookpro/Documents/swipesavvy-mobile-app/.venv/lib/python3.14/site-packages/sqlalchemy/pool/base.py", line 899, in __connect
    with util.safe_reraise():
         ~~~~~~~~~~~~~~~~~^^
  File "/Users/macbookpro/Documents/swipesavvy-mobile-app/.venv/lib/python3.14/site-packages/sqlalchemy/util/langhelpers.py", line 224, in __exit__
    raise exc_value.with_traceback(exc_tb)
  File "/Users/macbookpro/Documents/swipesavvy-mobile-app/.venv/lib/python3.14/site-packages/sqlalchemy/pool/base.py", line 895, in __connect
    self.dbapi_connection = connection = pool._invoke_creator(self)
                                         ~~~~~~~~~~~~~~~~~~~~^^^^^^
  File "/Users/macbookpro/Documents/swipesavvy-mobile-app/.venv/lib/python3.14/site-packages/sqlalchemy/engine/create.py", line 661, in connect
    return dialect.connect(*cargs, **cparams)
           ~~~~~~~~~~~~~~~^^^^^^^^^^^^^^^^^^^
  File "/Users/macbookpro/Documents/swipesavvy-mobile-app/.venv/lib/python3.14/site-packages/sqlalchemy/engine/default.py", line 630, in connect
    return self.loaded_dbapi.connect(*cargs, **cparams)  # type: ignore[no-any-return]  # NOQA: E501
           ~~~~~~~~~~~~~~~~~~~~~~~~~^^^^^^^^^^^^^^^^^^^
  File "/Users/macbookpro/Documents/swipesavvy-mobile-app/.venv/lib/python3.14/site-packages/psycopg2/__init__.py", line 122, in connect
    conn = _connect(dsn, connection_factory=connection_factory, **kwasync)
psycopg2.OperationalError: connection to server at "localhost" (127.0.0.1), port 5432 failed: FATAL:  database "swipesavvy_agents" does not exist


The above exception was the direct cause of the following exception:

Traceback (most recent call last):
  File "/Users/macbookpro/Documents/swipesavvy-mobile-app/main.py", line 54, in <module>
    with engine.connect() as connection:
         ~~~~~~~~~~~~~~^^
  File "/Users/macbookpro/Documents/swipesavvy-mobile-app/.venv/lib/python3.14/site-packages/sqlalchemy/engine/base.py", line 3285, in connect
    return self._connection_cls(self)
           ~~~~~~~~~~~~~~~~~~~~^^^^^^
  File "/Users/macbookpro/Documents/swipesavvy-mobile-app/.venv/lib/python3.14/site-packages/sqlalchemy/engine/base.py", line 145, in __init__
    Connection._handle_dbapi_exception_noconnection(
    ~~~~~~~~~~~~~~~~~~~~~~~~~~~~~~~~~~~~~~~~~~~~~~~^
        err, dialect, engine
        ^^^^^^^^^^^^^^^^^^^^
    )
    ^
  File "/Users/macbookpro/Documents/swipesavvy-mobile-app/.venv/lib/python3.14/site-packages/sqlalchemy/engine/base.py", line 2448, in _handle_dbapi_exception_noconnection
    raise sqlalchemy_exception.with_traceback(exc_info[2]) from e
  File "/Users/macbookpro/Documents/swipesavvy-mobile-app/.venv/lib/python3.14/site-packages/sqlalchemy/engine/base.py", line 143, in __init__
    self._dbapi_connection = engine.raw_connection()
                             ~~~~~~~~~~~~~~~~~~~~~^^
  File "/Users/macbookpro/Documents/swipesavvy-mobile-app/.venv/lib/python3.14/site-packages/sqlalchemy/engine/base.py", line 3309, in raw_connection
    return self.pool.connect()
           ~~~~~~~~~~~~~~~~~^^
  File "/Users/macbookpro/Documents/swipesavvy-mobile-app/.venv/lib/python3.14/site-packages/sqlalchemy/pool/base.py", line 447, in connect
    return _ConnectionFairy._checkout(self)
           ~~~~~~~~~~~~~~~~~~~~~~~~~~^^^^^^
  File "/Users/macbookpro/Documents/swipesavvy-mobile-app/.venv/lib/python3.14/site-packages/sqlalchemy/pool/base.py", line 1264, in _checkout
    fairy = _ConnectionRecord.checkout(pool)
  File "/Users/macbookpro/Documents/swipesavvy-mobile-app/.venv/lib/python3.14/site-packages/sqlalchemy/pool/base.py", line 711, in checkout
    rec = pool._do_get()
  File "/Users/macbookpro/Documents/swipesavvy-mobile-app/.venv/lib/python3.14/site-packages/sqlalchemy/pool/impl.py", line 177, in _do_get
    with util.safe_reraise():
         ~~~~~~~~~~~~~~~~~^^
  File "/Users/macbookpro/Documents/swipesavvy-mobile-app/.venv/lib/python3.14/site-packages/sqlalchemy/util/langhelpers.py", line 224, in __exit__
    raise exc_value.with_traceback(exc_tb)
  File "/Users/macbookpro/Documents/swipesavvy-mobile-app/.venv/lib/python3.14/site-packages/sqlalchemy/pool/impl.py", line 175, in _do_get
    return self._create_connection()
           ~~~~~~~~~~~~~~~~~~~~~~~^^
  File "/Users/macbookpro/Documents/swipesavvy-mobile-app/.venv/lib/python3.14/site-packages/sqlalchemy/pool/base.py", line 388, in _create_connection
    return _ConnectionRecord(self)
  File "/Users/macbookpro/Documents/swipesavvy-mobile-app/.venv/lib/python3.14/site-packages/sqlalchemy/pool/base.py", line 673, in __init__
    self.__connect()
    ~~~~~~~~~~~~~~^^
  File "/Users/macbookpro/Documents/swipesavvy-mobile-app/.venv/lib/python3.14/site-packages/sqlalchemy/pool/base.py", line 899, in __connect
    with util.safe_reraise():
         ~~~~~~~~~~~~~~~~~^^
  File "/Users/macbookpro/Documents/swipesavvy-mobile-app/.venv/lib/python3.14/site-packages/sqlalchemy/util/langhelpers.py", line 224, in __exit__
    raise exc_value.with_traceback(exc_tb)
  File "/Users/macbookpro/Documents/swipesavvy-mobile-app/.venv/lib/python3.14/site-packages/sqlalchemy/pool/base.py", line 895, in __connect
    self.dbapi_connection = connection = pool._invoke_creator(self)
                                         ~~~~~~~~~~~~~~~~~~~~^^^^^^
  File "/Users/macbookpro/Documents/swipesavvy-mobile-app/.venv/lib/python3.14/site-packages/sqlalchemy/engine/create.py", line 661, in connect
    return dialect.connect(*cargs, **cparams)
           ~~~~~~~~~~~~~~~^^^^^^^^^^^^^^^^^^^
  File "/Users/macbookpro/Documents/swipesavvy-mobile-app/.venv/lib/python3.14/site-packages/sqlalchemy/engine/default.py", line 630, in connect
    return self.loaded_dbapi.connect(*cargs, **cparams)  # type: ignore[no-any-return]  # NOQA: E501
           ~~~~~~~~~~~~~~~~~~~~~~~~~^^^^^^^^^^^^^^^^^^^
  File "/Users/macbookpro/Documents/swipesavvy-mobile-app/.venv/lib/python3.14/site-packages/psycopg2/__init__.py", line 122, in connect
    conn = _connect(dsn, connection_factory=connection_factory, **kwasync)
sqlalchemy.exc.OperationalError: (psycopg2.OperationalError) connection to server at "localhost" (127.0.0.1), port 5432 failed: FATAL:  database "swipesavvy_agents" does not exist

(Background on this error at: https://sqlalche.me/e/20/e3q8)
